<?xml version="1.0" encoding="UTF-8"?>
<testsuite xmlns:xsi="http://www.w3.org/2001/XMLSchema-instance" xsi:noNamespaceSchemaLocation="https://maven.apache.org/surefire/maven-surefire-plugin/xsd/surefire-test-report-3.0.xsd" version="3.0" name="ru.rksp.rsocket.server.RsocketServerApplicationTests" time="1.352" tests="1" errors="0" skipped="0" failures="0">
  <properties>
    <property name="java.specification.version" value="21"/>
    <property name="sun.jnu.encoding" value="UTF-8"/>
    <property name="java.class.path" value="/Users/a.bazhenov/Edu/course4/4_1/РКСП/prac7/target/test-classes:/Users/a.bazhenov/Edu/course4/4_1/РКСП/prac7/target/classes:/Users/a.bazhenov/.m2/repository/org/springframework/boot/spring-boot-starter-data-r2dbc/3.1.2/spring-boot-starter-data-r2dbc-3.1.2.jar:/Users/a.bazhenov/.m2/repository/org/springframework/boot/spring-boot-starter/3.1.6/spring-boot-starter-3.1.6.jar:/Users/a.bazhenov/.m2/repository/org/springframework/boot/spring-boot-starter-logging/3.1.6/spring-boot-starter-logging-3.1.6.jar:/Users/a.bazhenov/.m2/repository/ch/qos/logback/logback-classic/1.4.11/logback-classic-1.4.11.jar:/Users/a.bazhenov/.m2/repository/ch/qos/logback/logback-core/1.4.11/logback-core-1.4.11.jar:/Users/a.bazhenov/.m2/repository/org/apache/logging/log4j/log4j-to-slf4j/2.20.0/log4j-to-slf4j-2.20.0.jar:/Users/a.bazhenov/.m2/repository/org/apache/logging/log4j/log4j-api/2.20.0/log4j-api-2.20.0.jar:/Users/a.bazhenov/.m2/repository/org/slf4j/jul-to-slf4j/2.0.9/jul-to-slf4j-2.0.9.jar:/Users/a.bazhenov/.m2/repository/jakarta/annotation/jakarta.annotation-api/2.1.1/jakarta.annotation-api-2.1.1.jar:/Users/a.bazhenov/.m2/repository/org/yaml/snakeyaml/1.33/snakeyaml-1.33.jar:/Users/a.bazhenov/.m2/repository/org/springframework/data/spring-data-r2dbc/3.1.6/spring-data-r2dbc-3.1.6.jar:/Users/a.bazhenov/.m2/repository/org/springframework/data/spring-data-relational/3.1.6/spring-data-relational-3.1.6.jar:/Users/a.bazhenov/.m2/repository/org/springframework/data/spring-data-commons/3.1.6/spring-data-commons-3.1.6.jar:/Users/a.bazhenov/.m2/repository/org/springframework/spring-tx/6.0.14/spring-tx-6.0.14.jar:/Users/a.bazhenov/.m2/repository/org/springframework/spring-context/6.0.14/spring-context-6.0.14.jar:/Users/a.bazhenov/.m2/repository/org/springframework/spring-beans/6.0.14/spring-beans-6.0.14.jar:/Users/a.bazhenov/.m2/repository/org/springframework/spring-jdbc/6.0.14/spring-jdbc-6.0.14.jar:/Users/a.bazhenov/.m2/repository/org/springframework/spring-r2dbc/6.0.14/spring-r2dbc-6.0.14.jar:/Users/a.bazhenov/.m2/repository/io/r2dbc/r2dbc-spi/1.0.0.RELEASE/r2dbc-spi-1.0.0.RELEASE.jar:/Users/a.bazhenov/.m2/repository/io/r2dbc/r2dbc-pool/1.0.1.RELEASE/r2dbc-pool-1.0.1.RELEASE.jar:/Users/a.bazhenov/.m2/repository/io/projectreactor/addons/reactor-pool/1.0.3/reactor-pool-1.0.3.jar:/Users/a.bazhenov/.m2/repository/org/postgresql/r2dbc-postgresql/0.9.2.RELEASE/r2dbc-postgresql-0.9.2.RELEASE.jar:/Users/a.bazhenov/.m2/repository/com/ongres/scram/client/2.1/client-2.1.jar:/Users/a.bazhenov/.m2/repository/com/ongres/scram/common/2.1/common-2.1.jar:/Users/a.bazhenov/.m2/repository/com/ongres/stringprep/saslprep/1.1/saslprep-1.1.jar:/Users/a.bazhenov/.m2/repository/com/ongres/stringprep/stringprep/1.1/stringprep-1.1.jar:/Users/a.bazhenov/.m2/repository/io/projectreactor/netty/reactor-netty/1.1.13/reactor-netty-1.1.13.jar:/Users/a.bazhenov/.m2/repository/io/projectreactor/netty/reactor-netty-core/1.1.13/reactor-netty-core-1.1.13.jar:/Users/a.bazhenov/.m2/repository/io/netty/netty-handler/4.1.101.Final/netty-handler-4.1.101.Final.jar:/Users/a.bazhenov/.m2/repository/io/netty/netty-common/4.1.101.Final/netty-common-4.1.101.Final.jar:/Users/a.bazhenov/.m2/repository/io/netty/netty-resolver/4.1.101.Final/netty-resolver-4.1.101.Final.jar:/Users/a.bazhenov/.m2/repository/io/netty/netty-buffer/4.1.101.Final/netty-buffer-4.1.101.Final.jar:/Users/a.bazhenov/.m2/repository/io/netty/netty-transport/4.1.101.Final/netty-transport-4.1.101.Final.jar:/Users/a.bazhenov/.m2/repository/io/netty/netty-transport-native-unix-common/4.1.101.Final/netty-transport-native-unix-common-4.1.101.Final.jar:/Users/a.bazhenov/.m2/repository/io/netty/netty-codec/4.1.101.Final/netty-codec-4.1.101.Final.jar:/Users/a.bazhenov/.m2/repository/io/netty/netty-handler-proxy/4.1.101.Final/netty-handler-proxy-4.1.101.Final.jar:/Users/a.bazhenov/.m2/repository/io/netty/netty-codec-socks/4.1.101.Final/netty-codec-socks-4.1.101.Final.jar:/Users/a.bazhenov/.m2/repository/io/netty/netty-resolver-dns/4.1.101.Final/netty-resolver-dns-4.1.101.Final.jar:/Users/a.bazhenov/.m2/repository/io/netty/netty-codec-dns/4.1.101.Final/netty-codec-dns-4.1.101.Final.jar:/Users/a.bazhenov/.m2/repository/io/netty/netty-resolver-dns-native-macos/4.1.101.Final/netty-resolver-dns-native-macos-4.1.101.Final-osx-x86_64.jar:/Users/a.bazhenov/.m2/repository/io/netty/netty-resolver-dns-classes-macos/4.1.101.Final/netty-resolver-dns-classes-macos-4.1.101.Final.jar:/Users/a.bazhenov/.m2/repository/io/netty/netty-transport-native-epoll/4.1.101.Final/netty-transport-native-epoll-4.1.101.Final-linux-x86_64.jar:/Users/a.bazhenov/.m2/repository/io/netty/netty-transport-classes-epoll/4.1.101.Final/netty-transport-classes-epoll-4.1.101.Final.jar:/Users/a.bazhenov/.m2/repository/io/projectreactor/netty/reactor-netty-http/1.1.13/reactor-netty-http-1.1.13.jar:/Users/a.bazhenov/.m2/repository/io/netty/netty-codec-http/4.1.101.Final/netty-codec-http-4.1.101.Final.jar:/Users/a.bazhenov/.m2/repository/io/netty/netty-codec-http2/4.1.101.Final/netty-codec-http2-4.1.101.Final.jar:/Users/a.bazhenov/.m2/repository/io/projectreactor/netty/incubator/reactor-netty-incubator-quic/0.1.13/reactor-netty-incubator-quic-0.1.13.jar:/Users/a.bazhenov/.m2/repository/io/netty/incubator/netty-incubator-codec-native-quic/0.0.52.Final/netty-incubator-codec-native-quic-0.0.52.Final-linux-x86_64.jar:/Users/a.bazhenov/.m2/repository/io/netty/incubator/netty-incubator-codec-classes-quic/0.0.52.Final/netty-incubator-codec-classes-quic-0.0.52.Final.jar:/Users/a.bazhenov/.m2/repository/io/projectreactor/reactor-core/3.5.8/reactor-core-3.5.8.jar:/Users/a.bazhenov/.m2/repository/org/reactivestreams/reactive-streams/1.0.4/reactive-streams-1.0.4.jar:/Users/a.bazhenov/.m2/repository/org/springdoc/springdoc-openapi-starter-webmvc-ui/2.1.0/springdoc-openapi-starter-webmvc-ui-2.1.0.jar:/Users/a.bazhenov/.m2/repository/org/springdoc/springdoc-openapi-starter-webmvc-api/2.1.0/springdoc-openapi-starter-webmvc-api-2.1.0.jar:/Users/a.bazhenov/.m2/repository/org/springdoc/springdoc-openapi-starter-common/2.1.0/springdoc-openapi-starter-common-2.1.0.jar:/Users/a.bazhenov/.m2/repository/io/swagger/core/v3/swagger-core-jakarta/2.2.9/swagger-core-jakarta-2.2.9.jar:/Users/a.bazhenov/.m2/repository/org/apache/commons/commons-lang3/3.12.0/commons-lang3-3.12.0.jar:/Users/a.bazhenov/.m2/repository/io/swagger/core/v3/swagger-annotations-jakarta/2.2.9/swagger-annotations-jakarta-2.2.9.jar:/Users/a.bazhenov/.m2/repository/io/swagger/core/v3/swagger-models-jakarta/2.2.9/swagger-models-jakarta-2.2.9.jar:/Users/a.bazhenov/.m2/repository/jakarta/validation/jakarta.validation-api/3.0.2/jakarta.validation-api-3.0.2.jar:/Users/a.bazhenov/.m2/repository/com/fasterxml/jackson/dataformat/jackson-dataformat-yaml/2.15.3/jackson-dataformat-yaml-2.15.3.jar:/Users/a.bazhenov/.m2/repository/org/webjars/swagger-ui/4.18.2/swagger-ui-4.18.2.jar:/Users/a.bazhenov/.m2/repository/org/springframework/boot/spring-boot-starter-web/3.1.6/spring-boot-starter-web-3.1.6.jar:/Users/a.bazhenov/.m2/repository/org/springframework/boot/spring-boot-starter-json/3.1.6/spring-boot-starter-json-3.1.6.jar:/Users/a.bazhenov/.m2/repository/com/fasterxml/jackson/core/jackson-databind/2.15.3/jackson-databind-2.15.3.jar:/Users/a.bazhenov/.m2/repository/com/fasterxml/jackson/core/jackson-annotations/2.15.3/jackson-annotations-2.15.3.jar:/Users/a.bazhenov/.m2/repository/com/fasterxml/jackson/core/jackson-core/2.15.3/jackson-core-2.15.3.jar:/Users/a.bazhenov/.m2/repository/com/fasterxml/jackson/datatype/jackson-datatype-jdk8/2.15.3/jackson-datatype-jdk8-2.15.3.jar:/Users/a.bazhenov/.m2/repository/com/fasterxml/jackson/datatype/jackson-datatype-jsr310/2.15.3/jackson-datatype-jsr310-2.15.3.jar:/Users/a.bazhenov/.m2/repository/com/fasterxml/jackson/module/jackson-module-parameter-names/2.15.3/jackson-module-parameter-names-2.15.3.jar:/Users/a.bazhenov/.m2/repository/org/springframework/boot/spring-boot-starter-tomcat/3.1.6/spring-boot-starter-tomcat-3.1.6.jar:/Users/a.bazhenov/.m2/repository/org/apache/tomcat/embed/tomcat-embed-core/10.1.16/tomcat-embed-core-10.1.16.jar:/Users/a.bazhenov/.m2/repository/org/apache/tomcat/embed/tomcat-embed-el/10.1.16/tomcat-embed-el-10.1.16.jar:/Users/a.bazhenov/.m2/repository/org/apache/tomcat/embed/tomcat-embed-websocket/10.1.16/tomcat-embed-websocket-10.1.16.jar:/Users/a.bazhenov/.m2/repository/org/springframework/spring-web/6.0.14/spring-web-6.0.14.jar:/Users/a.bazhenov/.m2/repository/io/micrometer/micrometer-observation/1.11.6/micrometer-observation-1.11.6.jar:/Users/a.bazhenov/.m2/repository/io/micrometer/micrometer-commons/1.11.6/micrometer-commons-1.11.6.jar:/Users/a.bazhenov/.m2/repository/org/springframework/spring-webmvc/6.0.14/spring-webmvc-6.0.14.jar:/Users/a.bazhenov/.m2/repository/org/springframework/spring-aop/6.0.14/spring-aop-6.0.14.jar:/Users/a.bazhenov/.m2/repository/org/springframework/spring-expression/6.0.14/spring-expression-6.0.14.jar:/Users/a.bazhenov/.m2/repository/org/springframework/boot/spring-boot-devtools/3.1.6/spring-boot-devtools-3.1.6.jar:/Users/a.bazhenov/.m2/repository/org/springframework/boot/spring-boot/3.1.6/spring-boot-3.1.6.jar:/Users/a.bazhenov/.m2/repository/org/springframework/boot/spring-boot-autoconfigure/3.1.6/spring-boot-autoconfigure-3.1.6.jar:/Users/a.bazhenov/.m2/repository/org/projectlombok/lombok/1.18.30/lombok-1.18.30.jar:/Users/a.bazhenov/.m2/repository/org/slf4j/log4j-over-slf4j/2.0.16/log4j-over-slf4j-2.0.16.jar:/Users/a.bazhenov/.m2/repository/org/slf4j/slf4j-api/2.0.9/slf4j-api-2.0.9.jar:/Users/a.bazhenov/.m2/repository/junit/junit/4.13.2/junit-4.13.2.jar:/Users/a.bazhenov/.m2/repository/org/hamcrest/hamcrest-core/2.2/hamcrest-core-2.2.jar:/Users/a.bazhenov/.m2/repository/org/springframework/boot/spring-boot-starter-test/3.1.6/spring-boot-starter-test-3.1.6.jar:/Users/a.bazhenov/.m2/repository/org/springframework/boot/spring-boot-test/3.1.6/spring-boot-test-3.1.6.jar:/Users/a.bazhenov/.m2/repository/org/springframework/boot/spring-boot-test-autoconfigure/3.1.6/spring-boot-test-autoconfigure-3.1.6.jar:/Users/a.bazhenov/.m2/repository/com/jayway/jsonpath/json-path/2.8.0/json-path-2.8.0.jar:/Users/a.bazhenov/.m2/repository/jakarta/xml/bind/jakarta.xml.bind-api/4.0.1/jakarta.xml.bind-api-4.0.1.jar:/Users/a.bazhenov/.m2/repository/jakarta/activation/jakarta.activation-api/2.1.2/jakarta.activation-api-2.1.2.jar:/Users/a.bazhenov/.m2/repository/net/minidev/json-smart/2.4.11/json-smart-2.4.11.jar:/Users/a.bazhenov/.m2/repository/net/minidev/accessors-smart/2.4.11/accessors-smart-2.4.11.jar:/Users/a.bazhenov/.m2/repository/org/ow2/asm/asm/9.3/asm-9.3.jar:/Users/a.bazhenov/.m2/repository/org/assertj/assertj-core/3.24.2/assertj-core-3.24.2.jar:/Users/a.bazhenov/.m2/repository/net/bytebuddy/byte-buddy/1.14.10/byte-buddy-1.14.10.jar:/Users/a.bazhenov/.m2/repository/org/hamcrest/hamcrest/2.2/hamcrest-2.2.jar:/Users/a.bazhenov/.m2/repository/org/junit/jupiter/junit-jupiter/5.9.3/junit-jupiter-5.9.3.jar:/Users/a.bazhenov/.m2/repository/org/junit/jupiter/junit-jupiter-api/5.9.3/junit-jupiter-api-5.9.3.jar:/Users/a.bazhenov/.m2/repository/org/opentest4j/opentest4j/1.2.0/opentest4j-1.2.0.jar:/Users/a.bazhenov/.m2/repository/org/junit/platform/junit-platform-commons/1.9.3/junit-platform-commons-1.9.3.jar:/Users/a.bazhenov/.m2/repository/org/apiguardian/apiguardian-api/1.1.2/apiguardian-api-1.1.2.jar:/Users/a.bazhenov/.m2/repository/org/junit/jupiter/junit-jupiter-params/5.9.3/junit-jupiter-params-5.9.3.jar:/Users/a.bazhenov/.m2/repository/org/junit/jupiter/junit-jupiter-engine/5.9.3/junit-jupiter-engine-5.9.3.jar:/Users/a.bazhenov/.m2/repository/org/junit/platform/junit-platform-engine/1.9.3/junit-platform-engine-1.9.3.jar:/Users/a.bazhenov/.m2/repository/org/mockito/mockito-core/5.3.1/mockito-core-5.3.1.jar:/Users/a.bazhenov/.m2/repository/net/bytebuddy/byte-buddy-agent/1.14.10/byte-buddy-agent-1.14.10.jar:/Users/a.bazhenov/.m2/repository/org/objenesis/objenesis/3.3/objenesis-3.3.jar:/Users/a.bazhenov/.m2/repository/org/mockito/mockito-junit-jupiter/5.3.1/mockito-junit-jupiter-5.3.1.jar:/Users/a.bazhenov/.m2/repository/org/skyscreamer/jsonassert/1.5.1/jsonassert-1.5.1.jar:/Users/a.bazhenov/.m2/repository/com/vaadin/external/google/android-json/0.0.20131108.vaadin1/android-json-0.0.20131108.vaadin1.jar:/Users/a.bazhenov/.m2/repository/org/springframework/spring-core/6.0.14/spring-core-6.0.14.jar:/Users/a.bazhenov/.m2/repository/org/springframework/spring-jcl/6.0.14/spring-jcl-6.0.14.jar:/Users/a.bazhenov/.m2/repository/org/springframework/spring-test/6.0.14/spring-test-6.0.14.jar:/Users/a.bazhenov/.m2/repository/org/xmlunit/xmlunit-core/2.9.1/xmlunit-core-2.9.1.jar:/Users/a.bazhenov/.m2/repository/io/projectreactor/reactor-test/3.5.12/reactor-test-3.5.12.jar:"/>
    <property name="java.vm.vendor" value="Amazon.com Inc."/>
    <property name="sun.arch.data.model" value="64"/>
    <property name="java.vendor.url" value="https://aws.amazon.com/corretto/"/>
    <property name="user.timezone" value="Europe/Moscow"/>
    <property name="os.name" value="Mac OS X"/>
    <property name="java.vm.specification.version" value="21"/>
    <property name="sun.java.launcher" value="SUN_STANDARD"/>
    <property name="user.country" value="RU"/>
    <property name="sun.boot.library.path" value="/Users/a.bazhenov/Library/Java/JavaVirtualMachines/corretto-21.0.4/Contents/Home/lib"/>
    <property name="sun.java.command" value="/Users/a.bazhenov/Edu/course4/4_1/РКСП/prac7/target/surefire/surefirebooter-20241216082511339_3.jar /Users/a.bazhenov/Edu/course4/4_1/РКСП/prac7/target/surefire 2024-12-16T08-25-11_304-jvmRun1 surefire-20241216082511339_1tmp surefire_0-20241216082511339_2tmp"/>
    <property name="jdk.debug" value="release"/>
    <property name="surefire.test.class.path" value="/Users/a.bazhenov/Edu/course4/4_1/РКСП/prac7/target/test-classes:/Users/a.bazhenov/Edu/course4/4_1/РКСП/prac7/target/classes:/Users/a.bazhenov/.m2/repository/org/springframework/boot/spring-boot-starter-data-r2dbc/3.1.2/spring-boot-starter-data-r2dbc-3.1.2.jar:/Users/a.bazhenov/.m2/repository/org/springframework/boot/spring-boot-starter/3.1.6/spring-boot-starter-3.1.6.jar:/Users/a.bazhenov/.m2/repository/org/springframework/boot/spring-boot-starter-logging/3.1.6/spring-boot-starter-logging-3.1.6.jar:/Users/a.bazhenov/.m2/repository/ch/qos/logback/logback-classic/1.4.11/logback-classic-1.4.11.jar:/Users/a.bazhenov/.m2/repository/ch/qos/logback/logback-core/1.4.11/logback-core-1.4.11.jar:/Users/a.bazhenov/.m2/repository/org/apache/logging/log4j/log4j-to-slf4j/2.20.0/log4j-to-slf4j-2.20.0.jar:/Users/a.bazhenov/.m2/repository/org/apache/logging/log4j/log4j-api/2.20.0/log4j-api-2.20.0.jar:/Users/a.bazhenov/.m2/repository/org/slf4j/jul-to-slf4j/2.0.9/jul-to-slf4j-2.0.9.jar:/Users/a.bazhenov/.m2/repository/jakarta/annotation/jakarta.annotation-api/2.1.1/jakarta.annotation-api-2.1.1.jar:/Users/a.bazhenov/.m2/repository/org/yaml/snakeyaml/1.33/snakeyaml-1.33.jar:/Users/a.bazhenov/.m2/repository/org/springframework/data/spring-data-r2dbc/3.1.6/spring-data-r2dbc-3.1.6.jar:/Users/a.bazhenov/.m2/repository/org/springframework/data/spring-data-relational/3.1.6/spring-data-relational-3.1.6.jar:/Users/a.bazhenov/.m2/repository/org/springframework/data/spring-data-commons/3.1.6/spring-data-commons-3.1.6.jar:/Users/a.bazhenov/.m2/repository/org/springframework/spring-tx/6.0.14/spring-tx-6.0.14.jar:/Users/a.bazhenov/.m2/repository/org/springframework/spring-context/6.0.14/spring-context-6.0.14.jar:/Users/a.bazhenov/.m2/repository/org/springframework/spring-beans/6.0.14/spring-beans-6.0.14.jar:/Users/a.bazhenov/.m2/repository/org/springframework/spring-jdbc/6.0.14/spring-jdbc-6.0.14.jar:/Users/a.bazhenov/.m2/repository/org/springframework/spring-r2dbc/6.0.14/spring-r2dbc-6.0.14.jar:/Users/a.bazhenov/.m2/repository/io/r2dbc/r2dbc-spi/1.0.0.RELEASE/r2dbc-spi-1.0.0.RELEASE.jar:/Users/a.bazhenov/.m2/repository/io/r2dbc/r2dbc-pool/1.0.1.RELEASE/r2dbc-pool-1.0.1.RELEASE.jar:/Users/a.bazhenov/.m2/repository/io/projectreactor/addons/reactor-pool/1.0.3/reactor-pool-1.0.3.jar:/Users/a.bazhenov/.m2/repository/org/postgresql/r2dbc-postgresql/0.9.2.RELEASE/r2dbc-postgresql-0.9.2.RELEASE.jar:/Users/a.bazhenov/.m2/repository/com/ongres/scram/client/2.1/client-2.1.jar:/Users/a.bazhenov/.m2/repository/com/ongres/scram/common/2.1/common-2.1.jar:/Users/a.bazhenov/.m2/repository/com/ongres/stringprep/saslprep/1.1/saslprep-1.1.jar:/Users/a.bazhenov/.m2/repository/com/ongres/stringprep/stringprep/1.1/stringprep-1.1.jar:/Users/a.bazhenov/.m2/repository/io/projectreactor/netty/reactor-netty/1.1.13/reactor-netty-1.1.13.jar:/Users/a.bazhenov/.m2/repository/io/projectreactor/netty/reactor-netty-core/1.1.13/reactor-netty-core-1.1.13.jar:/Users/a.bazhenov/.m2/repository/io/netty/netty-handler/4.1.101.Final/netty-handler-4.1.101.Final.jar:/Users/a.bazhenov/.m2/repository/io/netty/netty-common/4.1.101.Final/netty-common-4.1.101.Final.jar:/Users/a.bazhenov/.m2/repository/io/netty/netty-resolver/4.1.101.Final/netty-resolver-4.1.101.Final.jar:/Users/a.bazhenov/.m2/repository/io/netty/netty-buffer/4.1.101.Final/netty-buffer-4.1.101.Final.jar:/Users/a.bazhenov/.m2/repository/io/netty/netty-transport/4.1.101.Final/netty-transport-4.1.101.Final.jar:/Users/a.bazhenov/.m2/repository/io/netty/netty-transport-native-unix-common/4.1.101.Final/netty-transport-native-unix-common-4.1.101.Final.jar:/Users/a.bazhenov/.m2/repository/io/netty/netty-codec/4.1.101.Final/netty-codec-4.1.101.Final.jar:/Users/a.bazhenov/.m2/repository/io/netty/netty-handler-proxy/4.1.101.Final/netty-handler-proxy-4.1.101.Final.jar:/Users/a.bazhenov/.m2/repository/io/netty/netty-codec-socks/4.1.101.Final/netty-codec-socks-4.1.101.Final.jar:/Users/a.bazhenov/.m2/repository/io/netty/netty-resolver-dns/4.1.101.Final/netty-resolver-dns-4.1.101.Final.jar:/Users/a.bazhenov/.m2/repository/io/netty/netty-codec-dns/4.1.101.Final/netty-codec-dns-4.1.101.Final.jar:/Users/a.bazhenov/.m2/repository/io/netty/netty-resolver-dns-native-macos/4.1.101.Final/netty-resolver-dns-native-macos-4.1.101.Final-osx-x86_64.jar:/Users/a.bazhenov/.m2/repository/io/netty/netty-resolver-dns-classes-macos/4.1.101.Final/netty-resolver-dns-classes-macos-4.1.101.Final.jar:/Users/a.bazhenov/.m2/repository/io/netty/netty-transport-native-epoll/4.1.101.Final/netty-transport-native-epoll-4.1.101.Final-linux-x86_64.jar:/Users/a.bazhenov/.m2/repository/io/netty/netty-transport-classes-epoll/4.1.101.Final/netty-transport-classes-epoll-4.1.101.Final.jar:/Users/a.bazhenov/.m2/repository/io/projectreactor/netty/reactor-netty-http/1.1.13/reactor-netty-http-1.1.13.jar:/Users/a.bazhenov/.m2/repository/io/netty/netty-codec-http/4.1.101.Final/netty-codec-http-4.1.101.Final.jar:/Users/a.bazhenov/.m2/repository/io/netty/netty-codec-http2/4.1.101.Final/netty-codec-http2-4.1.101.Final.jar:/Users/a.bazhenov/.m2/repository/io/projectreactor/netty/incubator/reactor-netty-incubator-quic/0.1.13/reactor-netty-incubator-quic-0.1.13.jar:/Users/a.bazhenov/.m2/repository/io/netty/incubator/netty-incubator-codec-native-quic/0.0.52.Final/netty-incubator-codec-native-quic-0.0.52.Final-linux-x86_64.jar:/Users/a.bazhenov/.m2/repository/io/netty/incubator/netty-incubator-codec-classes-quic/0.0.52.Final/netty-incubator-codec-classes-quic-0.0.52.Final.jar:/Users/a.bazhenov/.m2/repository/io/projectreactor/reactor-core/3.5.8/reactor-core-3.5.8.jar:/Users/a.bazhenov/.m2/repository/org/reactivestreams/reactive-streams/1.0.4/reactive-streams-1.0.4.jar:/Users/a.bazhenov/.m2/repository/org/springdoc/springdoc-openapi-starter-webmvc-ui/2.1.0/springdoc-openapi-starter-webmvc-ui-2.1.0.jar:/Users/a.bazhenov/.m2/repository/org/springdoc/springdoc-openapi-starter-webmvc-api/2.1.0/springdoc-openapi-starter-webmvc-api-2.1.0.jar:/Users/a.bazhenov/.m2/repository/org/springdoc/springdoc-openapi-starter-common/2.1.0/springdoc-openapi-starter-common-2.1.0.jar:/Users/a.bazhenov/.m2/repository/io/swagger/core/v3/swagger-core-jakarta/2.2.9/swagger-core-jakarta-2.2.9.jar:/Users/a.bazhenov/.m2/repository/org/apache/commons/commons-lang3/3.12.0/commons-lang3-3.12.0.jar:/Users/a.bazhenov/.m2/repository/io/swagger/core/v3/swagger-annotations-jakarta/2.2.9/swagger-annotations-jakarta-2.2.9.jar:/Users/a.bazhenov/.m2/repository/io/swagger/core/v3/swagger-models-jakarta/2.2.9/swagger-models-jakarta-2.2.9.jar:/Users/a.bazhenov/.m2/repository/jakarta/validation/jakarta.validation-api/3.0.2/jakarta.validation-api-3.0.2.jar:/Users/a.bazhenov/.m2/repository/com/fasterxml/jackson/dataformat/jackson-dataformat-yaml/2.15.3/jackson-dataformat-yaml-2.15.3.jar:/Users/a.bazhenov/.m2/repository/org/webjars/swagger-ui/4.18.2/swagger-ui-4.18.2.jar:/Users/a.bazhenov/.m2/repository/org/springframework/boot/spring-boot-starter-web/3.1.6/spring-boot-starter-web-3.1.6.jar:/Users/a.bazhenov/.m2/repository/org/springframework/boot/spring-boot-starter-json/3.1.6/spring-boot-starter-json-3.1.6.jar:/Users/a.bazhenov/.m2/repository/com/fasterxml/jackson/core/jackson-databind/2.15.3/jackson-databind-2.15.3.jar:/Users/a.bazhenov/.m2/repository/com/fasterxml/jackson/core/jackson-annotations/2.15.3/jackson-annotations-2.15.3.jar:/Users/a.bazhenov/.m2/repository/com/fasterxml/jackson/core/jackson-core/2.15.3/jackson-core-2.15.3.jar:/Users/a.bazhenov/.m2/repository/com/fasterxml/jackson/datatype/jackson-datatype-jdk8/2.15.3/jackson-datatype-jdk8-2.15.3.jar:/Users/a.bazhenov/.m2/repository/com/fasterxml/jackson/datatype/jackson-datatype-jsr310/2.15.3/jackson-datatype-jsr310-2.15.3.jar:/Users/a.bazhenov/.m2/repository/com/fasterxml/jackson/module/jackson-module-parameter-names/2.15.3/jackson-module-parameter-names-2.15.3.jar:/Users/a.bazhenov/.m2/repository/org/springframework/boot/spring-boot-starter-tomcat/3.1.6/spring-boot-starter-tomcat-3.1.6.jar:/Users/a.bazhenov/.m2/repository/org/apache/tomcat/embed/tomcat-embed-core/10.1.16/tomcat-embed-core-10.1.16.jar:/Users/a.bazhenov/.m2/repository/org/apache/tomcat/embed/tomcat-embed-el/10.1.16/tomcat-embed-el-10.1.16.jar:/Users/a.bazhenov/.m2/repository/org/apache/tomcat/embed/tomcat-embed-websocket/10.1.16/tomcat-embed-websocket-10.1.16.jar:/Users/a.bazhenov/.m2/repository/org/springframework/spring-web/6.0.14/spring-web-6.0.14.jar:/Users/a.bazhenov/.m2/repository/io/micrometer/micrometer-observation/1.11.6/micrometer-observation-1.11.6.jar:/Users/a.bazhenov/.m2/repository/io/micrometer/micrometer-commons/1.11.6/micrometer-commons-1.11.6.jar:/Users/a.bazhenov/.m2/repository/org/springframework/spring-webmvc/6.0.14/spring-webmvc-6.0.14.jar:/Users/a.bazhenov/.m2/repository/org/springframework/spring-aop/6.0.14/spring-aop-6.0.14.jar:/Users/a.bazhenov/.m2/repository/org/springframework/spring-expression/6.0.14/spring-expression-6.0.14.jar:/Users/a.bazhenov/.m2/repository/org/springframework/boot/spring-boot-devtools/3.1.6/spring-boot-devtools-3.1.6.jar:/Users/a.bazhenov/.m2/repository/org/springframework/boot/spring-boot/3.1.6/spring-boot-3.1.6.jar:/Users/a.bazhenov/.m2/repository/org/springframework/boot/spring-boot-autoconfigure/3.1.6/spring-boot-autoconfigure-3.1.6.jar:/Users/a.bazhenov/.m2/repository/org/projectlombok/lombok/1.18.30/lombok-1.18.30.jar:/Users/a.bazhenov/.m2/repository/org/slf4j/log4j-over-slf4j/2.0.16/log4j-over-slf4j-2.0.16.jar:/Users/a.bazhenov/.m2/repository/org/slf4j/slf4j-api/2.0.9/slf4j-api-2.0.9.jar:/Users/a.bazhenov/.m2/repository/junit/junit/4.13.2/junit-4.13.2.jar:/Users/a.bazhenov/.m2/repository/org/hamcrest/hamcrest-core/2.2/hamcrest-core-2.2.jar:/Users/a.bazhenov/.m2/repository/org/springframework/boot/spring-boot-starter-test/3.1.6/spring-boot-starter-test-3.1.6.jar:/Users/a.bazhenov/.m2/repository/org/springframework/boot/spring-boot-test/3.1.6/spring-boot-test-3.1.6.jar:/Users/a.bazhenov/.m2/repository/org/springframework/boot/spring-boot-test-autoconfigure/3.1.6/spring-boot-test-autoconfigure-3.1.6.jar:/Users/a.bazhenov/.m2/repository/com/jayway/jsonpath/json-path/2.8.0/json-path-2.8.0.jar:/Users/a.bazhenov/.m2/repository/jakarta/xml/bind/jakarta.xml.bind-api/4.0.1/jakarta.xml.bind-api-4.0.1.jar:/Users/a.bazhenov/.m2/repository/jakarta/activation/jakarta.activation-api/2.1.2/jakarta.activation-api-2.1.2.jar:/Users/a.bazhenov/.m2/repository/net/minidev/json-smart/2.4.11/json-smart-2.4.11.jar:/Users/a.bazhenov/.m2/repository/net/minidev/accessors-smart/2.4.11/accessors-smart-2.4.11.jar:/Users/a.bazhenov/.m2/repository/org/ow2/asm/asm/9.3/asm-9.3.jar:/Users/a.bazhenov/.m2/repository/org/assertj/assertj-core/3.24.2/assertj-core-3.24.2.jar:/Users/a.bazhenov/.m2/repository/net/bytebuddy/byte-buddy/1.14.10/byte-buddy-1.14.10.jar:/Users/a.bazhenov/.m2/repository/org/hamcrest/hamcrest/2.2/hamcrest-2.2.jar:/Users/a.bazhenov/.m2/repository/org/junit/jupiter/junit-jupiter/5.9.3/junit-jupiter-5.9.3.jar:/Users/a.bazhenov/.m2/repository/org/junit/jupiter/junit-jupiter-api/5.9.3/junit-jupiter-api-5.9.3.jar:/Users/a.bazhenov/.m2/repository/org/opentest4j/opentest4j/1.2.0/opentest4j-1.2.0.jar:/Users/a.bazhenov/.m2/repository/org/junit/platform/junit-platform-commons/1.9.3/junit-platform-commons-1.9.3.jar:/Users/a.bazhenov/.m2/repository/org/apiguardian/apiguardian-api/1.1.2/apiguardian-api-1.1.2.jar:/Users/a.bazhenov/.m2/repository/org/junit/jupiter/junit-jupiter-params/5.9.3/junit-jupiter-params-5.9.3.jar:/Users/a.bazhenov/.m2/repository/org/junit/jupiter/junit-jupiter-engine/5.9.3/junit-jupiter-engine-5.9.3.jar:/Users/a.bazhenov/.m2/repository/org/junit/platform/junit-platform-engine/1.9.3/junit-platform-engine-1.9.3.jar:/Users/a.bazhenov/.m2/repository/org/mockito/mockito-core/5.3.1/mockito-core-5.3.1.jar:/Users/a.bazhenov/.m2/repository/net/bytebuddy/byte-buddy-agent/1.14.10/byte-buddy-agent-1.14.10.jar:/Users/a.bazhenov/.m2/repository/org/objenesis/objenesis/3.3/objenesis-3.3.jar:/Users/a.bazhenov/.m2/repository/org/mockito/mockito-junit-jupiter/5.3.1/mockito-junit-jupiter-5.3.1.jar:/Users/a.bazhenov/.m2/repository/org/skyscreamer/jsonassert/1.5.1/jsonassert-1.5.1.jar:/Users/a.bazhenov/.m2/repository/com/vaadin/external/google/android-json/0.0.20131108.vaadin1/android-json-0.0.20131108.vaadin1.jar:/Users/a.bazhenov/.m2/repository/org/springframework/spring-core/6.0.14/spring-core-6.0.14.jar:/Users/a.bazhenov/.m2/repository/org/springframework/spring-jcl/6.0.14/spring-jcl-6.0.14.jar:/Users/a.bazhenov/.m2/repository/org/springframework/spring-test/6.0.14/spring-test-6.0.14.jar:/Users/a.bazhenov/.m2/repository/org/xmlunit/xmlunit-core/2.9.1/xmlunit-core-2.9.1.jar:/Users/a.bazhenov/.m2/repository/io/projectreactor/reactor-test/3.5.12/reactor-test-3.5.12.jar:"/>
    <property name="sun.cpu.endian" value="little"/>
    <property name="user.home" value="/Users/a.bazhenov"/>
    <property name="user.language" value="en"/>
    <property name="java.specification.vendor" value="Oracle Corporation"/>
    <property name="java.version.date" value="2024-07-16"/>
    <property name="java.home" value="/Users/a.bazhenov/Library/Java/JavaVirtualMachines/corretto-21.0.4/Contents/Home"/>
    <property name="file.separator" value="/"/>
    <property name="basedir" value="/Users/a.bazhenov/Edu/course4/4_1/РКСП/prac7"/>
    <property name="java.vm.compressedOopsMode" value="Zero based"/>
    <property name="line.separator" value="&#10;"/>
    <property name="java.vm.specification.vendor" value="Oracle Corporation"/>
    <property name="java.specification.name" value="Java Platform API Specification"/>
    <property name="FILE_LOG_CHARSET" value="UTF-8"/>
    <property name="java.awt.headless" value="true"/>
    <property name="apple.awt.application.name" value="ForkedBooter"/>
    <property name="surefire.real.class.path" value="/Users/a.bazhenov/Edu/course4/4_1/РКСП/prac7/target/surefire/surefirebooter-20241216082511339_3.jar"/>
    <property name="sun.management.compiler" value="HotSpot 64-Bit Tiered Compilers"/>
    <property name="java.runtime.version" value="21.0.4+7-LTS"/>
    <property name="user.name" value="a.bazhenov"/>
    <property name="stdout.encoding" value="UTF-8"/>
    <property name="path.separator" value=":"/>
    <property name="os.version" value="15.1.1"/>
    <property name="java.runtime.name" value="OpenJDK Runtime Environment"/>
    <property name="file.encoding" value="UTF-8"/>
    <property name="java.vm.name" value="OpenJDK 64-Bit Server VM"/>
    <property name="java.vendor.version" value="Corretto-21.0.4.7.1"/>
    <property name="localRepository" value="/Users/a.bazhenov/.m2/repository"/>
    <property name="java.vendor.url.bug" value="https://github.com/corretto/corretto-21/issues/"/>
    <property name="java.io.tmpdir" value="/var/folders/kb/_jny288d18v7zw72b0fswm9w0000gp/T/"/>
    <property name="idea.version" value="2024.1.6"/>
    <property name="java.version" value="21.0.4"/>
    <property name="user.dir" value="/Users/a.bazhenov/Edu/course4/4_1/РКСП/prac7"/>
    <property name="os.arch" value="aarch64"/>
    <property name="java.vm.specification.name" value="Java Virtual Machine Specification"/>
    <property name="PID" value="23601"/>
    <property name="CONSOLE_LOG_CHARSET" value="UTF-8"/>
    <property name="native.encoding" value="UTF-8"/>
    <property name="java.library.path" value="/Users/a.bazhenov/Library/Java/Extensions:/Library/Java/Extensions:/Network/Library/Java/Extensions:/System/Library/Java/Extensions:/usr/lib/java:."/>
    <property name="java.vm.info" value="mixed mode, sharing"/>
    <property name="stderr.encoding" value="UTF-8"/>
    <property name="java.vendor" value="Amazon.com Inc."/>
    <property name="java.vm.version" value="21.0.4+7-LTS"/>
    <property name="sun.io.unicode.encoding" value="UnicodeBig"/>
    <property name="java.class.version" value="65.0"/>
  </properties>
  <testcase name="contextLoads" classname="ru.rksp.rsocket.server.RsocketServerApplicationTests" time="0.386">
    <system-out><![CDATA[08:25:11.673 [main] INFO org.springframework.test.context.support.AnnotationConfigContextLoaderUtils -- Could not detect default configuration classes for test class [ru.rksp.rsocket.server.RsocketServerApplicationTests]: RsocketServerApplicationTests does not declare any static, non-private, non-final, nested classes annotated with @Configuration.
08:25:11.722 [main] INFO org.springframework.boot.test.context.SpringBootTestContextBootstrapper -- Found @SpringBootConfiguration ru.rksp.rsocket.server.RsocketServerApplication for test class ru.rksp.rsocket.server.RsocketServerApplicationTests
08:25:11.768 [main] INFO org.springframework.boot.devtools.restart.RestartApplicationListener -- Restart disabled due to context in which it is running

  .   ____          _            __ _ _
 /\\ / ___'_ __ _ _(_)_ __  __ _ \ \ \ \
( ( )\___ | '_ | '_| | '_ \/ _` | \ \ \ \
 \\/  ___)| |_)| | | | | || (_| |  ) ) ) )
  '  |____| .__|_| |_|_| |_\__, | / / / /
 =========|_|==============|___/=/_/_/_/
 :: Spring Boot ::                (v3.1.6)

2024-12-16T08:25:11.851+03:00  INFO 23601 --- [           main] r.r.r.s.RsocketServerApplicationTests    : Starting RsocketServerApplicationTests using Java 21.0.4 with PID 23601 (started by a.bazhenov in /Users/a.bazhenov/Edu/course4/4_1/РКСП/prac7)
2024-12-16T08:25:11.851+03:00  INFO 23601 --- [           main] r.r.r.s.RsocketServerApplicationTests    : No active profile set, falling back to 1 default profile: "default"
2024-12-16T08:25:12.087+03:00  INFO 23601 --- [           main] .s.d.r.c.RepositoryConfigurationDelegate : Bootstrapping Spring Data R2DBC repositories in DEFAULT mode.
2024-12-16T08:25:12.134+03:00  INFO 23601 --- [           main] .s.d.r.c.RepositoryConfigurationDelegate : Finished Spring Data repository scanning in 45 ms. Found 1 R2DBC repository interface.
2024-12-16T08:25:12.554+03:00  INFO 23601 --- [           main] r.r.r.s.RsocketServerApplicationTests    : Started RsocketServerApplicationTests in 0.789 seconds (process running for 1.154)
]]></system-out>
    <system-err><![CDATA[WARNING: A Java agent has been loaded dynamically (/Users/a.bazhenov/.m2/repository/net/bytebuddy/byte-buddy-agent/1.14.10/byte-buddy-agent-1.14.10.jar)
WARNING: If a serviceability tool is in use, please run with -XX:+EnableDynamicAgentLoading to hide this warning
WARNING: If a serviceability tool is not in use, please run with -Djdk.instrument.traceUsage for more information
WARNING: Dynamic loading of agents will be disallowed by default in a future release
]]></system-err>
  </testcase>
</testsuite>